<?xml version="1.0" encoding="UTF-8"?>
<testsuite xmlns:xsi="http://www.w3.org/2001/XMLSchema-instance" xsi:noNamespaceSchemaLocation="https://maven.apache.org/surefire/maven-surefire-plugin/xsd/surefire-test-report.xsd" name="com.zhong.core.utils.ReadFileUtilsTest" time="0" tests="3" errors="2" skipped="0" failures="0">
  <properties>
[...]
</properties>
  <testcase name="extractOneDocTest" classname="com.zhong.core.utils.ReadFileUtilsTest" time="0"/>
  <testcase name="extractOnlyOneFileDocTest" classname="com.zhong.core.utils.ReadFileUtilsTest" time="0">
    <error message="C:\Users\zhangzhongjun\Documents\QuanWenSouSuoWeb\uploads\入门.py (系统找不到指定的文件。)" type="java.io.FileNotFoundException">java.io.FileNotFoundException: C:\Users\zhangzhongjun\Documents\QuanWenSouSuoWeb\uploads\入门.py (系统找不到指定的文件。)
	at com.zhong.core.utils.ReadFileUtilsTest.extractOnlyOneFileDocTest(ReadFileUtilsTest.java:48)
</error>
    <system-out><![CDATA[Number of files read equals 99 %
]]></system-out>
  </testcase>
  <testcase name="extractTextParTest" classname="com.zhong.core.utils.ReadFileUtilsTest" time="0">
    <error type="java.lang.IllegalArgumentException">java.lang.IllegalArgumentException
	at com.zhong.core.utils.ReadFileUtilsTest.extractTextParTest(ReadFileUtilsTest.java:35)
</error>
  </testcase>
</testsuite>